<?xml version="1.0" encoding="UTF-8"?>
<!-- Generated by org.testng.reporters.JUnitReportReporter -->
<testsuite skipped="0" hostname="Kaviyashri" name="employee.EmployeeTest" tests="10" failures="0" timestamp="10 Jun 2020 08:59:55 GMT" time="3.308" errors="0">
  <testcase name="testLoginEmployee" time="0.071" classname="employee.EmployeeTest"/>
  <testcase name="testUpdateEmployee" time="0.098" classname="employee.EmployeeTest"/>
  <testcase name="testGetEmployeeByName" time="0.727" classname="employee.EmployeeTest"/>
  <testcase name="testLogoutEmployee" time="0.049" classname="employee.EmployeeTest"/>
  <testcase name="testNonLoggedInDeleteEmployee" time="0.049" classname="employee.EmployeeTest"/>
  <testcase name="testCreateEmployeeArray" time="0.181" classname="employee.EmployeeTest"/>
  <testcase name="testCreateEmployee" time="1.840" classname="employee.EmployeeTest"/>
  <testcase name="testNonLoggedInUpdateEmployee" time="0.048" classname="employee.EmployeeTest"/>
  <testcase name="testDeleteEmployee" time="0.023" classname="employee.EmployeeTest"/>
  <testcase name="testCreateEmployeeList" time="0.222" classname="employee.EmployeeTest"/>
</testsuite> <!-- employee.EmployeeTest -->
